{"level":"info","message":"âŒ› Building environment","timeElapsed":106,"timestamp":"2025-09-22T15:02:01.914Z"}
{"level":"info","message":"âŒ› Validating solucion.wlk","timeElapsed":199,"timestamp":"2025-09-22T15:02:02.116Z"}
{"level":"info","message":"âŒ› Building environment","timeElapsed":107,"timestamp":"2025-09-22T15:02:11.707Z"}
{"level":"error","message":"âœ˜ Completions for node Send ([27:5, 27:25] - tests.wtest) failed: Error: [Send]{5da7ad} at tests.wtest:27 exhausted all cases without a match [Send]{5da7ad} at tests.wtest:27 exhausted all cases without a match","stack":"Error: [Send]{5da7ad} at tests.wtest:27 exhausted all cases without a match\n    at /home/codespace/.vscode-remote/extensions/uqbar.wollok-lsp-ide-0.5.3/out/server/src/server.js:38:6142\n    at D2 (/home/codespace/.vscode-remote/extensions/uqbar.wollok-lsp-ide-0.5.3/out/server/src/server.js:2384:42)\n    at /home/codespace/.vscode-remote/extensions/uqbar.wollok-lsp-ide-0.5.3/out/server/src/server.js:2384:2988\n    at /home/codespace/.vscode-remote/extensions/uqbar.wollok-lsp-ide-0.5.3/out/server/src/server.js:2393:8440\n    at /home/codespace/.vscode-remote/extensions/uqbar.wollok-lsp-ide-0.5.3/out/server/src/server.js:37:74872\n    at Ye (/home/codespace/.vscode-remote/extensions/uqbar.wollok-lsp-ide-0.5.3/out/server/src/server.js:7:8527)\n    at qt (/home/codespace/.vscode-remote/extensions/uqbar.wollok-lsp-ide-0.5.3/out/server/src/server.js:7:6189)\n    at ot (/home/codespace/.vscode-remote/extensions/uqbar.wollok-lsp-ide-0.5.3/out/server/src/server.js:7:6378)\n    at Immediate._onImmediate (/home/codespace/.vscode-remote/extensions/uqbar.wollok-lsp-ide-0.5.3/out/server/src/server.js:7:6142)\n    at process.processImmediate (node:internal/timers:485:21)","timestamp":"2025-09-22T15:02:11.728Z"}
{"level":"info","message":"âŒ› Building environment","timeElapsed":183,"timestamp":"2025-09-22T15:02:11.918Z"}
{"level":"info","message":"âŒ› Validating tests.wtest","timeElapsed":187,"timestamp":"2025-09-22T15:02:12.116Z"}
{"level":"info","message":"âŒ› Building environment","timeElapsed":178,"timestamp":"2025-09-22T15:02:12.298Z"}
{"level":"info","message":"âŒ› Building environment","timeElapsed":108,"timestamp":"2025-09-22T15:02:12.407Z"}
{"level":"info","message":"âŒ› Validating tests.wtest","timeElapsed":292,"timestamp":"2025-09-22T15:02:12.700Z"}
{"level":"info","message":"âŒ› Building environment","timeElapsed":166,"timestamp":"2025-09-22T15:02:12.869Z"}
{"level":"error","message":"âœ˜ Completions for node Send ([27:5, 27:29] - tests.wtest) failed: Error: [Send]{fbc86f} at tests.wtest:27 exhausted all cases without a match [Send]{fbc86f} at tests.wtest:27 exhausted all cases without a match","stack":"Error: [Send]{fbc86f} at tests.wtest:27 exhausted all cases without a match\n    at /home/codespace/.vscode-remote/extensions/uqbar.wollok-lsp-ide-0.5.3/out/server/src/server.js:38:6142\n    at D2 (/home/codespace/.vscode-remote/extensions/uqbar.wollok-lsp-ide-0.5.3/out/server/src/server.js:2384:42)\n    at /home/codespace/.vscode-remote/extensions/uqbar.wollok-lsp-ide-0.5.3/out/server/src/server.js:2384:2988\n    at /home/codespace/.vscode-remote/extensions/uqbar.wollok-lsp-ide-0.5.3/out/server/src/server.js:2393:8440\n    at /home/codespace/.vscode-remote/extensions/uqbar.wollok-lsp-ide-0.5.3/out/server/src/server.js:37:74872\n    at Ye (/home/codespace/.vscode-remote/extensions/uqbar.wollok-lsp-ide-0.5.3/out/server/src/server.js:7:8527)\n    at qt (/home/codespace/.vscode-remote/extensions/uqbar.wollok-lsp-ide-0.5.3/out/server/src/server.js:7:6189)\n    at ot (/home/codespace/.vscode-remote/extensions/uqbar.wollok-lsp-ide-0.5.3/out/server/src/server.js:7:6378)\n    at Immediate._onImmediate (/home/codespace/.vscode-remote/extensions/uqbar.wollok-lsp-ide-0.5.3/out/server/src/server.js:7:6142)\n    at process.processImmediate (node:internal/timers:485:21)","timestamp":"2025-09-22T15:02:12.912Z"}
{"level":"info","message":"âŒ› Building environment","timeElapsed":109,"timestamp":"2025-09-22T15:02:13.025Z"}
{"level":"info","message":"âŒ› Building environment","timeElapsed":130,"timestamp":"2025-09-22T15:02:13.155Z"}
{"level":"info","message":"âŒ› Validating tests.wtest","timeElapsed":125,"timestamp":"2025-09-22T15:02:13.281Z"}
{"level":"info","message":"âŒ› Validating tests.wtest","timeElapsed":141,"timestamp":"2025-09-22T15:02:13.423Z"}
{"level":"info","message":"âŒ› Validating tests.wtest","timeElapsed":119,"timestamp":"2025-09-22T15:02:13.649Z"}
{"level":"info","message":"âŒ› Validating tests.wtest","timeElapsed":105,"timestamp":"2025-09-22T15:02:13.757Z"}
{"level":"info","message":"âŒ› Building environment","timeElapsed":141,"timestamp":"2025-09-22T15:02:13.899Z"}
{"level":"error","message":"âœ˜ Completions for node Send ([27:5, 27:32] - tests.wtest) failed: Error: [Send]{8a5513} at tests.wtest:27 exhausted all cases without a match [Send]{8a5513} at tests.wtest:27 exhausted all cases without a match","stack":"Error: [Send]{8a5513} at tests.wtest:27 exhausted all cases without a match\n    at /home/codespace/.vscode-remote/extensions/uqbar.wollok-lsp-ide-0.5.3/out/server/src/server.js:38:6142\n    at D2 (/home/codespace/.vscode-remote/extensions/uqbar.wollok-lsp-ide-0.5.3/out/server/src/server.js:2384:42)\n    at /home/codespace/.vscode-remote/extensions/uqbar.wollok-lsp-ide-0.5.3/out/server/src/server.js:2384:2988\n    at /home/codespace/.vscode-remote/extensions/uqbar.wollok-lsp-ide-0.5.3/out/server/src/server.js:2393:8440\n    at /home/codespace/.vscode-remote/extensions/uqbar.wollok-lsp-ide-0.5.3/out/server/src/server.js:37:74872\n    at Ye (/home/codespace/.vscode-remote/extensions/uqbar.wollok-lsp-ide-0.5.3/out/server/src/server.js:7:8527)\n    at qt (/home/codespace/.vscode-remote/extensions/uqbar.wollok-lsp-ide-0.5.3/out/server/src/server.js:7:6189)\n    at ot (/home/codespace/.vscode-remote/extensions/uqbar.wollok-lsp-ide-0.5.3/out/server/src/server.js:7:6378)\n    at Immediate._onImmediate (/home/codespace/.vscode-remote/extensions/uqbar.wollok-lsp-ide-0.5.3/out/server/src/server.js:7:6142)\n    at process.processImmediate (node:internal/timers:485:21)","timestamp":"2025-09-22T15:02:13.925Z"}
{"level":"info","message":"âŒ› Validating tests.wtest","timeElapsed":122,"timestamp":"2025-09-22T15:02:14.060Z"}
{"level":"info","message":"âŒ› Building environment","timeElapsed":104,"timestamp":"2025-09-22T15:02:14.179Z"}
{"level":"error","message":"âœ˜ Completions for node Send ([27:5, 27:31] - tests.wtest) failed: Error: [Send]{ce2efb} at tests.wtest:27 exhausted all cases without a match [Send]{ce2efb} at tests.wtest:27 exhausted all cases without a match","stack":"Error: [Send]{ce2efb} at tests.wtest:27 exhausted all cases without a match\n    at /home/codespace/.vscode-remote/extensions/uqbar.wollok-lsp-ide-0.5.3/out/server/src/server.js:38:6142\n    at D2 (/home/codespace/.vscode-remote/extensions/uqbar.wollok-lsp-ide-0.5.3/out/server/src/server.js:2384:42)\n    at /home/codespace/.vscode-remote/extensions/uqbar.wollok-lsp-ide-0.5.3/out/server/src/server.js:2384:2988\n    at /home/codespace/.vscode-remote/extensions/uqbar.wollok-lsp-ide-0.5.3/out/server/src/server.js:2393:8440\n    at /home/codespace/.vscode-remote/extensions/uqbar.wollok-lsp-ide-0.5.3/out/server/src/server.js:37:74872\n    at Ye (/home/codespace/.vscode-remote/extensions/uqbar.wollok-lsp-ide-0.5.3/out/server/src/server.js:7:8527)\n    at qt (/home/codespace/.vscode-remote/extensions/uqbar.wollok-lsp-ide-0.5.3/out/server/src/server.js:7:6189)\n    at ot (/home/codespace/.vscode-remote/extensions/uqbar.wollok-lsp-ide-0.5.3/out/server/src/server.js:7:6378)\n    at Immediate._onImmediate (/home/codespace/.vscode-remote/extensions/uqbar.wollok-lsp-ide-0.5.3/out/server/src/server.js:7:6142)\n    at process.processImmediate (node:internal/timers:485:21)","timestamp":"2025-09-22T15:02:14.198Z"}
{"level":"info","message":"âŒ› Validating tests.wtest","timeElapsed":152,"timestamp":"2025-09-22T15:02:14.352Z"}
{"level":"info","message":"âŒ› Building environment","timeElapsed":115,"timestamp":"2025-09-22T15:02:14.468Z"}
{"level":"info","message":"âŒ› Validating tests.wtest","timeElapsed":159,"timestamp":"2025-09-22T15:02:14.630Z"}
{"level":"info","message":"âŒ› Building environment","timeElapsed":132,"timestamp":"2025-09-22T15:02:14.763Z"}
{"level":"error","message":"âœ˜ Completions for node Send ([27:5, 27:33] - tests.wtest) failed: Error: [Send]{cd3530} at tests.wtest:27 exhausted all cases without a match [Send]{cd3530} at tests.wtest:27 exhausted all cases without a match","stack":"Error: [Send]{cd3530} at tests.wtest:27 exhausted all cases without a match\n    at /home/codespace/.vscode-remote/extensions/uqbar.wollok-lsp-ide-0.5.3/out/server/src/server.js:38:6142\n    at D2 (/home/codespace/.vscode-remote/extensions/uqbar.wollok-lsp-ide-0.5.3/out/server/src/server.js:2384:42)\n    at /home/codespace/.vscode-remote/extensions/uqbar.wollok-lsp-ide-0.5.3/out/server/src/server.js:2384:2988\n    at /home/codespace/.vscode-remote/extensions/uqbar.wollok-lsp-ide-0.5.3/out/server/src/server.js:2393:8440\n    at /home/codespace/.vscode-remote/extensions/uqbar.wollok-lsp-ide-0.5.3/out/server/src/server.js:37:74872\n    at Ye (/home/codespace/.vscode-remote/extensions/uqbar.wollok-lsp-ide-0.5.3/out/server/src/server.js:7:8527)\n    at qt (/home/codespace/.vscode-remote/extensions/uqbar.wollok-lsp-ide-0.5.3/out/server/src/server.js:7:6189)\n    at ot (/home/codespace/.vscode-remote/extensions/uqbar.wollok-lsp-ide-0.5.3/out/server/src/server.js:7:6378)\n    at Immediate._onImmediate (/home/codespace/.vscode-remote/extensions/uqbar.wollok-lsp-ide-0.5.3/out/server/src/server.js:7:6142)\n    at process.processImmediate (node:internal/timers:485:21)","timestamp":"2025-09-22T15:02:14.786Z"}
{"level":"info","message":"âŒ› Building environment","timeElapsed":101,"timestamp":"2025-09-22T15:02:14.896Z"}
{"level":"info","message":"âŒ› Building environment","timeElapsed":126,"timestamp":"2025-09-22T15:02:15.023Z"}
{"level":"info","message":"âŒ› Validating tests.wtest","timeElapsed":135,"timestamp":"2025-09-22T15:02:15.159Z"}
{"level":"info","message":"âŒ› Validating tests.wtest","timeElapsed":114,"timestamp":"2025-09-22T15:02:15.274Z"}
{"level":"info","message":"âŒ› Building environment","timeElapsed":168,"timestamp":"2025-09-22T15:02:15.442Z"}
{"level":"info","message":"âŒ› Validating tests.wtest","timeElapsed":112,"timestamp":"2025-09-22T15:02:15.555Z"}
{"level":"info","message":"âŒ› Building environment","timeElapsed":101,"timestamp":"2025-09-22T15:02:15.665Z"}
{"level":"error","message":"âœ˜ Completions for node Send ([27:5, 27:37] - tests.wtest) failed: Error: [Send]{28773d} at tests.wtest:27 exhausted all cases without a match [Send]{28773d} at tests.wtest:27 exhausted all cases without a match","stack":"Error: [Send]{28773d} at tests.wtest:27 exhausted all cases without a match\n    at /home/codespace/.vscode-remote/extensions/uqbar.wollok-lsp-ide-0.5.3/out/server/src/server.js:38:6142\n    at D2 (/home/codespace/.vscode-remote/extensions/uqbar.wollok-lsp-ide-0.5.3/out/server/src/server.js:2384:42)\n    at /home/codespace/.vscode-remote/extensions/uqbar.wollok-lsp-ide-0.5.3/out/server/src/server.js:2384:2988\n    at /home/codespace/.vscode-remote/extensions/uqbar.wollok-lsp-ide-0.5.3/out/server/src/server.js:2393:8440\n    at /home/codespace/.vscode-remote/extensions/uqbar.wollok-lsp-ide-0.5.3/out/server/src/server.js:37:74872\n    at Ye (/home/codespace/.vscode-remote/extensions/uqbar.wollok-lsp-ide-0.5.3/out/server/src/server.js:7:8527)\n    at qt (/home/codespace/.vscode-remote/extensions/uqbar.wollok-lsp-ide-0.5.3/out/server/src/server.js:7:6189)\n    at ot (/home/codespace/.vscode-remote/extensions/uqbar.wollok-lsp-ide-0.5.3/out/server/src/server.js:7:6378)\n    at Immediate._onImmediate (/home/codespace/.vscode-remote/extensions/uqbar.wollok-lsp-ide-0.5.3/out/server/src/server.js:7:6142)\n    at process.processImmediate (node:internal/timers:485:21)","timestamp":"2025-09-22T15:02:15.687Z"}
{"level":"info","message":"âŒ› Validating tests.wtest","timeElapsed":107,"timestamp":"2025-09-22T15:02:15.897Z"}
{"level":"info","message":"âŒ› Building environment","timeElapsed":143,"timestamp":"2025-09-22T15:02:16.041Z"}
{"level":"info","message":"âŒ› Building environment","timeElapsed":109,"timestamp":"2025-09-22T15:02:16.151Z"}
{"level":"info","message":"âŒ› Validating tests.wtest","timeElapsed":130,"timestamp":"2025-09-22T15:02:16.282Z"}
{"level":"info","message":"âŒ› Building environment","timeElapsed":129,"timestamp":"2025-09-22T15:02:16.411Z"}
{"level":"info","message":"âŒ› Building environment","timeElapsed":109,"timestamp":"2025-09-22T15:02:16.521Z"}
{"level":"info","message":"âŒ› Validating tests.wtest","timeElapsed":203,"timestamp":"2025-09-22T15:02:16.726Z"}
{"level":"info","message":"âŒ› Validating tests.wtest","timeElapsed":109,"timestamp":"2025-09-22T15:02:16.852Z"}
{"level":"info","message":"âŒ› Validating tests.wtest","timeElapsed":127,"timestamp":"2025-09-22T15:02:16.980Z"}
{"level":"info","message":"âŒ› Validating tests.wtest","timeElapsed":115,"timestamp":"2025-09-22T15:02:17.194Z"}
{"level":"info","message":"âŒ› Building environment","timeElapsed":152,"timestamp":"2025-09-22T15:02:21.313Z"}
{"level":"info","message":"âŒ› Validating tests.wtest","timeElapsed":102,"timestamp":"2025-09-22T15:02:21.416Z"}
{"level":"info","message":"âŒ› Building environment","timeElapsed":118,"timestamp":"2025-09-22T15:02:23.410Z"}
{"level":"error","message":"âœ˜ Completions for node Send ([32:5, 32:26] - tests.wtest) failed: Error: [Send]{8cfc96} at tests.wtest:32 exhausted all cases without a match [Send]{8cfc96} at tests.wtest:32 exhausted all cases without a match","stack":"Error: [Send]{8cfc96} at tests.wtest:32 exhausted all cases without a match\n    at /home/codespace/.vscode-remote/extensions/uqbar.wollok-lsp-ide-0.5.3/out/server/src/server.js:38:6142\n    at D2 (/home/codespace/.vscode-remote/extensions/uqbar.wollok-lsp-ide-0.5.3/out/server/src/server.js:2384:42)\n    at /home/codespace/.vscode-remote/extensions/uqbar.wollok-lsp-ide-0.5.3/out/server/src/server.js:2384:2988\n    at /home/codespace/.vscode-remote/extensions/uqbar.wollok-lsp-ide-0.5.3/out/server/src/server.js:2393:8440\n    at /home/codespace/.vscode-remote/extensions/uqbar.wollok-lsp-ide-0.5.3/out/server/src/server.js:37:74872\n    at Ye (/home/codespace/.vscode-remote/extensions/uqbar.wollok-lsp-ide-0.5.3/out/server/src/server.js:7:8527)\n    at qt (/home/codespace/.vscode-remote/extensions/uqbar.wollok-lsp-ide-0.5.3/out/server/src/server.js:7:6189)\n    at ot (/home/codespace/.vscode-remote/extensions/uqbar.wollok-lsp-ide-0.5.3/out/server/src/server.js:7:6378)\n    at Immediate._onImmediate (/home/codespace/.vscode-remote/extensions/uqbar.wollok-lsp-ide-0.5.3/out/server/src/server.js:7:6142)\n    at process.processImmediate (node:internal/timers:485:21)","timestamp":"2025-09-22T15:02:23.434Z"}
{"level":"info","message":"âŒ› Validating tests.wtest","timeElapsed":142,"timestamp":"2025-09-22T15:02:23.678Z"}
{"level":"info","message":"âŒ› Building environment","timeElapsed":105,"timestamp":"2025-09-22T15:02:23.783Z"}
{"level":"info","message":"âŒ› Validating tests.wtest","timeElapsed":115,"timestamp":"2025-09-22T15:02:23.898Z"}
{"level":"info","message":"âŒ› Building environment","timeElapsed":139,"timestamp":"2025-09-22T15:02:24.038Z"}
{"level":"info","message":"âŒ› Building environment","timeElapsed":174,"timestamp":"2025-09-22T15:02:24.213Z"}
{"level":"info","message":"âŒ› Building environment","timeElapsed":171,"timestamp":"2025-09-22T15:02:24.385Z"}
{"level":"error","message":"âœ˜ Completions for node Send ([32:5, 32:31] - tests.wtest) failed: Error: [Send]{112eae} at tests.wtest:32 exhausted all cases without a match [Send]{112eae} at tests.wtest:32 exhausted all cases without a match","stack":"Error: [Send]{112eae} at tests.wtest:32 exhausted all cases without a match\n    at /home/codespace/.vscode-remote/extensions/uqbar.wollok-lsp-ide-0.5.3/out/server/src/server.js:38:6142\n    at D2 (/home/codespace/.vscode-remote/extensions/uqbar.wollok-lsp-ide-0.5.3/out/server/src/server.js:2384:42)\n    at /home/codespace/.vscode-remote/extensions/uqbar.wollok-lsp-ide-0.5.3/out/server/src/server.js:2384:2988\n    at /home/codespace/.vscode-remote/extensions/uqbar.wollok-lsp-ide-0.5.3/out/server/src/server.js:2393:8440\n    at /home/codespace/.vscode-remote/extensions/uqbar.wollok-lsp-ide-0.5.3/out/server/src/server.js:37:74872\n    at Ye (/home/codespace/.vscode-remote/extensions/uqbar.wollok-lsp-ide-0.5.3/out/server/src/server.js:7:8527)\n    at qt (/home/codespace/.vscode-remote/extensions/uqbar.wollok-lsp-ide-0.5.3/out/server/src/server.js:7:6189)\n    at ot (/home/codespace/.vscode-remote/extensions/uqbar.wollok-lsp-ide-0.5.3/out/server/src/server.js:7:6378)\n    at Immediate._onImmediate (/home/codespace/.vscode-remote/extensions/uqbar.wollok-lsp-ide-0.5.3/out/server/src/server.js:7:6142)\n    at process.processImmediate (node:internal/timers:485:21)","timestamp":"2025-09-22T15:02:24.401Z"}
{"level":"info","message":"âŒ› Validating tests.wtest","timeElapsed":126,"timestamp":"2025-09-22T15:02:24.638Z"}
{"level":"info","message":"âŒ› Building environment","timeElapsed":107,"timestamp":"2025-09-22T15:02:24.852Z"}
{"level":"info","message":"âŒ› Validating tests.wtest","timeElapsed":169,"timestamp":"2025-09-22T15:02:25.022Z"}
{"level":"info","message":"âŒ› Building environment","timeElapsed":111,"timestamp":"2025-09-22T15:02:25.345Z"}
{"level":"info","message":"âŒ› Validating tests.wtest","timeElapsed":222,"timestamp":"2025-09-22T15:02:25.568Z"}
{"level":"info","message":"âŒ› Building environment","timeElapsed":275,"timestamp":"2025-09-22T15:02:25.844Z"}
{"level":"error","message":"âœ˜ Completions for node Send ([32:5, 32:36] - tests.wtest) failed: Error: [Send]{1e6c2b} at tests.wtest:32 exhausted all cases without a match [Send]{1e6c2b} at tests.wtest:32 exhausted all cases without a match","stack":"Error: [Send]{1e6c2b} at tests.wtest:32 exhausted all cases without a match\n    at /home/codespace/.vscode-remote/extensions/uqbar.wollok-lsp-ide-0.5.3/out/server/src/server.js:38:6142\n    at D2 (/home/codespace/.vscode-remote/extensions/uqbar.wollok-lsp-ide-0.5.3/out/server/src/server.js:2384:42)\n    at /home/codespace/.vscode-remote/extensions/uqbar.wollok-lsp-ide-0.5.3/out/server/src/server.js:2384:2988\n    at /home/codespace/.vscode-remote/extensions/uqbar.wollok-lsp-ide-0.5.3/out/server/src/server.js:2393:8440\n    at /home/codespace/.vscode-remote/extensions/uqbar.wollok-lsp-ide-0.5.3/out/server/src/server.js:37:74872\n    at Ye (/home/codespace/.vscode-remote/extensions/uqbar.wollok-lsp-ide-0.5.3/out/server/src/server.js:7:8527)\n    at qt (/home/codespace/.vscode-remote/extensions/uqbar.wollok-lsp-ide-0.5.3/out/server/src/server.js:7:6189)\n    at ot (/home/codespace/.vscode-remote/extensions/uqbar.wollok-lsp-ide-0.5.3/out/server/src/server.js:7:6378)\n    at Immediate._onImmediate (/home/codespace/.vscode-remote/extensions/uqbar.wollok-lsp-ide-0.5.3/out/server/src/server.js:7:6142)\n    at process.processImmediate (node:internal/timers:485:21)","timestamp":"2025-09-22T15:02:25.868Z"}
{"level":"info","message":"âŒ› Validating tests.wtest","timeElapsed":123,"timestamp":"2025-09-22T15:02:25.993Z"}
{"level":"info","message":"âŒ› Building environment","timeElapsed":191,"timestamp":"2025-09-22T15:02:26.186Z"}
{"level":"error","message":"âœ˜ Completions for node Send ([32:5, 32:35] - tests.wtest) failed: Error: [Send]{0e8a8f} at tests.wtest:32 exhausted all cases without a match [Send]{0e8a8f} at tests.wtest:32 exhausted all cases without a match","stack":"Error: [Send]{0e8a8f} at tests.wtest:32 exhausted all cases without a match\n    at /home/codespace/.vscode-remote/extensions/uqbar.wollok-lsp-ide-0.5.3/out/server/src/server.js:38:6142\n    at D2 (/home/codespace/.vscode-remote/extensions/uqbar.wollok-lsp-ide-0.5.3/out/server/src/server.js:2384:42)\n    at /home/codespace/.vscode-remote/extensions/uqbar.wollok-lsp-ide-0.5.3/out/server/src/server.js:2384:2988\n    at /home/codespace/.vscode-remote/extensions/uqbar.wollok-lsp-ide-0.5.3/out/server/src/server.js:2393:8440\n    at /home/codespace/.vscode-remote/extensions/uqbar.wollok-lsp-ide-0.5.3/out/server/src/server.js:37:74872\n    at Ye (/home/codespace/.vscode-remote/extensions/uqbar.wollok-lsp-ide-0.5.3/out/server/src/server.js:7:8527)\n    at qt (/home/codespace/.vscode-remote/extensions/uqbar.wollok-lsp-ide-0.5.3/out/server/src/server.js:7:6189)\n    at ot (/home/codespace/.vscode-remote/extensions/uqbar.wollok-lsp-ide-0.5.3/out/server/src/server.js:7:6378)\n    at Immediate._onImmediate (/home/codespace/.vscode-remote/extensions/uqbar.wollok-lsp-ide-0.5.3/out/server/src/server.js:7:6142)\n    at process.processImmediate (node:internal/timers:485:21)","timestamp":"2025-09-22T15:02:26.201Z"}
{"level":"info","message":"âŒ› Building environment","timeElapsed":134,"timestamp":"2025-09-22T15:02:26.433Z"}
{"level":"info","message":"âŒ› Building environment","timeElapsed":101,"timestamp":"2025-09-22T15:02:26.739Z"}
{"level":"info","message":"âŒ› Building environment","timeElapsed":117,"timestamp":"2025-09-22T15:02:26.857Z"}
{"level":"info","message":"âŒ› Validating tests.wtest","timeElapsed":103,"timestamp":"2025-09-22T15:02:26.961Z"}
{"level":"info","message":"âŒ› Building environment","timeElapsed":121,"timestamp":"2025-09-22T15:02:27.082Z"}
{"level":"info","message":"âŒ› Building environment","timeElapsed":131,"timestamp":"2025-09-22T15:02:27.213Z"}
{"level":"info","message":"âŒ› Building environment","timeElapsed":101,"timestamp":"2025-09-22T15:02:27.315Z"}
{"level":"info","message":"âŒ› Building environment","timeElapsed":111,"timestamp":"2025-09-22T15:02:27.427Z"}
{"level":"info","message":"âŒ› Validating tests.wtest","timeElapsed":149,"timestamp":"2025-09-22T15:02:27.577Z"}
{"level":"info","message":"âŒ› Validating tests.wtest","timeElapsed":111,"timestamp":"2025-09-22T15:02:27.697Z"}
{"level":"info","message":"âŒ› Validating tests.wtest","timeElapsed":201,"timestamp":"2025-09-22T15:02:27.996Z"}
{"level":"info","message":"âŒ› Validating tests.wtest","timeElapsed":102,"timestamp":"2025-09-22T15:02:28.194Z"}
{"level":"info","message":"âŒ› Building environment","timeElapsed":128,"timestamp":"2025-09-22T15:02:30.872Z"}
{"level":"error","message":"âœ˜ Completions for node Send ([37:5, 37:25] - tests.wtest) failed: Error: [Send]{d555f7} at tests.wtest:37 exhausted all cases without a match [Send]{d555f7} at tests.wtest:37 exhausted all cases without a match","stack":"Error: [Send]{d555f7} at tests.wtest:37 exhausted all cases without a match\n    at /home/codespace/.vscode-remote/extensions/uqbar.wollok-lsp-ide-0.5.3/out/server/src/server.js:38:6142\n    at D2 (/home/codespace/.vscode-remote/extensions/uqbar.wollok-lsp-ide-0.5.3/out/server/src/server.js:2384:42)\n    at /home/codespace/.vscode-remote/extensions/uqbar.wollok-lsp-ide-0.5.3/out/server/src/server.js:2384:2988\n    at /home/codespace/.vscode-remote/extensions/uqbar.wollok-lsp-ide-0.5.3/out/server/src/server.js:2393:8440\n    at /home/codespace/.vscode-remote/extensions/uqbar.wollok-lsp-ide-0.5.3/out/server/src/server.js:37:74872\n    at Ye (/home/codespace/.vscode-remote/extensions/uqbar.wollok-lsp-ide-0.5.3/out/server/src/server.js:7:8527)\n    at qt (/home/codespace/.vscode-remote/extensions/uqbar.wollok-lsp-ide-0.5.3/out/server/src/server.js:7:6189)\n    at ot (/home/codespace/.vscode-remote/extensions/uqbar.wollok-lsp-ide-0.5.3/out/server/src/server.js:7:6378)\n    at Immediate._onImmediate (/home/codespace/.vscode-remote/extensions/uqbar.wollok-lsp-ide-0.5.3/out/server/src/server.js:7:6142)\n    at process.processImmediate (node:internal/timers:485:21)","timestamp":"2025-09-22T15:02:30.897Z"}
{"level":"info","message":"âŒ› Validating tests.wtest","timeElapsed":209,"timestamp":"2025-09-22T15:02:31.200Z"}
{"level":"info","message":"âŒ› Building environment","timeElapsed":130,"timestamp":"2025-09-22T15:02:31.330Z"}
{"level":"info","message":"âŒ› Validating tests.wtest","timeElapsed":154,"timestamp":"2025-09-22T15:02:31.484Z"}
{"level":"info","message":"âŒ› Building environment","timeElapsed":154,"timestamp":"2025-09-22T15:02:31.638Z"}
{"level":"info","message":"âŒ› Building environment","timeElapsed":112,"timestamp":"2025-09-22T15:02:31.751Z"}
{"level":"info","message":"âŒ› Building environment","timeElapsed":103,"timestamp":"2025-09-22T15:02:31.855Z"}
{"level":"error","message":"âœ˜ Completions for node Send ([37:5, 37:30] - tests.wtest) failed: Error: [Send]{6d6557} at tests.wtest:37 exhausted all cases without a match [Send]{6d6557} at tests.wtest:37 exhausted all cases without a match","stack":"Error: [Send]{6d6557} at tests.wtest:37 exhausted all cases without a match\n    at /home/codespace/.vscode-remote/extensions/uqbar.wollok-lsp-ide-0.5.3/out/server/src/server.js:38:6142\n    at D2 (/home/codespace/.vscode-remote/extensions/uqbar.wollok-lsp-ide-0.5.3/out/server/src/server.js:2384:42)\n    at /home/codespace/.vscode-remote/extensions/uqbar.wollok-lsp-ide-0.5.3/out/server/src/server.js:2384:2988\n    at /home/codespace/.vscode-remote/extensions/uqbar.wollok-lsp-ide-0.5.3/out/server/src/server.js:2393:8440\n    at /home/codespace/.vscode-remote/extensions/uqbar.wollok-lsp-ide-0.5.3/out/server/src/server.js:37:74872\n    at Ye (/home/codespace/.vscode-remote/extensions/uqbar.wollok-lsp-ide-0.5.3/out/server/src/server.js:7:8527)\n    at qt (/home/codespace/.vscode-remote/extensions/uqbar.wollok-lsp-ide-0.5.3/out/server/src/server.js:7:6189)\n    at ot (/home/codespace/.vscode-remote/extensions/uqbar.wollok-lsp-ide-0.5.3/out/server/src/server.js:7:6378)\n    at Immediate._onImmediate (/home/codespace/.vscode-remote/extensions/uqbar.wollok-lsp-ide-0.5.3/out/server/src/server.js:7:6142)\n    at process.processImmediate (node:internal/timers:485:21)","timestamp":"2025-09-22T15:02:31.871Z"}
{"level":"info","message":"âŒ› Building environment","timeElapsed":142,"timestamp":"2025-09-22T15:02:32.026Z"}
{"level":"info","message":"âŒ› Validating tests.wtest","timeElapsed":103,"timestamp":"2025-09-22T15:02:32.130Z"}
{"level":"info","message":"âŒ› Validating tests.wtest","timeElapsed":124,"timestamp":"2025-09-22T15:02:32.366Z"}
{"level":"info","message":"âŒ› Building environment","timeElapsed":102,"timestamp":"2025-09-22T15:02:32.563Z"}
{"level":"info","message":"âŒ› Validating tests.wtest","timeElapsed":126,"timestamp":"2025-09-22T15:02:32.884Z"}
{"level":"info","message":"âŒ› Building environment","timeElapsed":161,"timestamp":"2025-09-22T15:02:33.048Z"}
{"level":"error","message":"âœ˜ Completions for node Send ([37:5, 37:35] - tests.wtest) failed: Error: [Send]{769553} at tests.wtest:37 exhausted all cases without a match [Send]{769553} at tests.wtest:37 exhausted all cases without a match","stack":"Error: [Send]{769553} at tests.wtest:37 exhausted all cases without a match\n    at /home/codespace/.vscode-remote/extensions/uqbar.wollok-lsp-ide-0.5.3/out/server/src/server.js:38:6142\n    at D2 (/home/codespace/.vscode-remote/extensions/uqbar.wollok-lsp-ide-0.5.3/out/server/src/server.js:2384:42)\n    at /home/codespace/.vscode-remote/extensions/uqbar.wollok-lsp-ide-0.5.3/out/server/src/server.js:2384:2988\n    at /home/codespace/.vscode-remote/extensions/uqbar.wollok-lsp-ide-0.5.3/out/server/src/server.js:2393:8440\n    at /home/codespace/.vscode-remote/extensions/uqbar.wollok-lsp-ide-0.5.3/out/server/src/server.js:37:74872\n    at Ye (/home/codespace/.vscode-remote/extensions/uqbar.wollok-lsp-ide-0.5.3/out/server/src/server.js:7:8527)\n    at qt (/home/codespace/.vscode-remote/extensions/uqbar.wollok-lsp-ide-0.5.3/out/server/src/server.js:7:6189)\n    at ot (/home/codespace/.vscode-remote/extensions/uqbar.wollok-lsp-ide-0.5.3/out/server/src/server.js:7:6378)\n    at Immediate._onImmediate (/home/codespace/.vscode-remote/extensions/uqbar.wollok-lsp-ide-0.5.3/out/server/src/server.js:7:6142)\n    at process.processImmediate (node:internal/timers:485:21)","timestamp":"2025-09-22T15:02:33.090Z"}
{"level":"info","message":"âŒ› Validating tests.wtest","timeElapsed":183,"timestamp":"2025-09-22T15:02:33.281Z"}
{"level":"info","message":"âŒ› Validating tests.wtest","timeElapsed":103,"timestamp":"2025-09-22T15:02:33.682Z"}
{"level":"info","message":"âŒ› Building environment","timeElapsed":106,"timestamp":"2025-09-22T15:02:33.788Z"}
{"level":"info","message":"âŒ› Building environment","timeElapsed":105,"timestamp":"2025-09-22T15:02:34.077Z"}
{"level":"info","message":"âŒ› Validating tests.wtest","timeElapsed":120,"timestamp":"2025-09-22T15:02:34.197Z"}
{"level":"info","message":"âŒ› Validating tests.wtest","timeElapsed":101,"timestamp":"2025-09-22T15:02:34.502Z"}
{"level":"info","message":"âŒ› Validating tests.wtest","timeElapsed":102,"timestamp":"2025-09-22T15:02:34.608Z"}
{"level":"info","message":"âŒ› Building environment","timeElapsed":127,"timestamp":"2025-09-22T15:02:39.525Z"}
{"level":"error","message":"âœ˜ Completions for node Send ([42:5, 42:26] - tests.wtest) failed: Error: [Send]{8fb585} at tests.wtest:42 exhausted all cases without a match [Send]{8fb585} at tests.wtest:42 exhausted all cases without a match","stack":"Error: [Send]{8fb585} at tests.wtest:42 exhausted all cases without a match\n    at /home/codespace/.vscode-remote/extensions/uqbar.wollok-lsp-ide-0.5.3/out/server/src/server.js:38:6142\n    at D2 (/home/codespace/.vscode-remote/extensions/uqbar.wollok-lsp-ide-0.5.3/out/server/src/server.js:2384:42)\n    at /home/codespace/.vscode-remote/extensions/uqbar.wollok-lsp-ide-0.5.3/out/server/src/server.js:2384:2988\n    at /home/codespace/.vscode-remote/extensions/uqbar.wollok-lsp-ide-0.5.3/out/server/src/server.js:2393:8440\n    at /home/codespace/.vscode-remote/extensions/uqbar.wollok-lsp-ide-0.5.3/out/server/src/server.js:37:74872\n    at Ye (/home/codespace/.vscode-remote/extensions/uqbar.wollok-lsp-ide-0.5.3/out/server/src/server.js:7:8527)\n    at qt (/home/codespace/.vscode-remote/extensions/uqbar.wollok-lsp-ide-0.5.3/out/server/src/server.js:7:6189)\n    at ot (/home/codespace/.vscode-remote/extensions/uqbar.wollok-lsp-ide-0.5.3/out/server/src/server.js:7:6378)\n    at Immediate._onImmediate (/home/codespace/.vscode-remote/extensions/uqbar.wollok-lsp-ide-0.5.3/out/server/src/server.js:7:6142)\n    at process.processImmediate (node:internal/timers:485:21)","timestamp":"2025-09-22T15:02:39.540Z"}
{"level":"info","message":"âŒ› Building environment","timeElapsed":110,"timestamp":"2025-09-22T15:02:39.656Z"}
{"level":"info","message":"âŒ› Validating tests.wtest","timeElapsed":133,"timestamp":"2025-09-22T15:02:39.798Z"}
{"level":"info","message":"âŒ› Building environment","timeElapsed":566,"timestamp":"2025-09-22T15:02:40.371Z"}
{"level":"info","message":"âŒ› Validating tests.wtest","timeElapsed":139,"timestamp":"2025-09-22T15:02:40.513Z"}
{"level":"info","message":"âŒ› Building environment","timeElapsed":115,"timestamp":"2025-09-22T15:02:40.630Z"}
{"level":"error","message":"âœ˜ Completions for node Send ([42:5, 42:29] - tests.wtest) failed: Error: [Send]{d53027} at tests.wtest:42 exhausted all cases without a match [Send]{d53027} at tests.wtest:42 exhausted all cases without a match","stack":"Error: [Send]{d53027} at tests.wtest:42 exhausted all cases without a match\n    at /home/codespace/.vscode-remote/extensions/uqbar.wollok-lsp-ide-0.5.3/out/server/src/server.js:38:6142\n    at D2 (/home/codespace/.vscode-remote/extensions/uqbar.wollok-lsp-ide-0.5.3/out/server/src/server.js:2384:42)\n    at /home/codespace/.vscode-remote/extensions/uqbar.wollok-lsp-ide-0.5.3/out/server/src/server.js:2384:2988\n    at /home/codespace/.vscode-remote/extensions/uqbar.wollok-lsp-ide-0.5.3/out/server/src/server.js:2393:8440\n    at /home/codespace/.vscode-remote/extensions/uqbar.wollok-lsp-ide-0.5.3/out/server/src/server.js:37:74872\n    at Ye (/home/codespace/.vscode-remote/extensions/uqbar.wollok-lsp-ide-0.5.3/out/server/src/server.js:7:8527)\n    at qt (/home/codespace/.vscode-remote/extensions/uqbar.wollok-lsp-ide-0.5.3/out/server/src/server.js:7:6189)\n    at ot (/home/codespace/.vscode-remote/extensions/uqbar.wollok-lsp-ide-0.5.3/out/server/src/server.js:7:6378)\n    at Immediate._onImmediate (/home/codespace/.vscode-remote/extensions/uqbar.wollok-lsp-ide-0.5.3/out/server/src/server.js:7:6142)\n    at process.processImmediate (node:internal/timers:485:21)","timestamp":"2025-09-22T15:02:40.657Z"}
{"level":"info","message":"âŒ› Building environment","timeElapsed":105,"timestamp":"2025-09-22T15:02:40.765Z"}
{"level":"info","message":"âŒ› Building environment","timeElapsed":113,"timestamp":"2025-09-22T15:02:40.878Z"}
{"level":"info","message":"âŒ› Building environment","timeElapsed":104,"timestamp":"2025-09-22T15:02:40.983Z"}
{"level":"info","message":"âŒ› Validating tests.wtest","timeElapsed":155,"timestamp":"2025-09-22T15:02:41.153Z"}
{"level":"info","message":"âŒ› Validating tests.wtest","timeElapsed":123,"timestamp":"2025-09-22T15:02:41.278Z"}
{"level":"info","message":"âŒ› Building environment","timeElapsed":169,"timestamp":"2025-09-22T15:02:41.448Z"}
{"level":"info","message":"âŒ› Validating tests.wtest","timeElapsed":118,"timestamp":"2025-09-22T15:02:41.566Z"}
{"level":"info","message":"âŒ› Validating tests.wtest","timeElapsed":111,"timestamp":"2025-09-22T15:02:41.678Z"}
{"level":"info","message":"âŒ› Building environment","timeElapsed":112,"timestamp":"2025-09-22T15:02:41.791Z"}
{"level":"error","message":"âœ˜ Completions for node Send ([42:5, 42:34] - tests.wtest) failed: Error: [Send]{f33123} at tests.wtest:42 exhausted all cases without a match [Send]{f33123} at tests.wtest:42 exhausted all cases without a match","stack":"Error: [Send]{f33123} at tests.wtest:42 exhausted all cases without a match\n    at /home/codespace/.vscode-remote/extensions/uqbar.wollok-lsp-ide-0.5.3/out/server/src/server.js:38:6142\n    at D2 (/home/codespace/.vscode-remote/extensions/uqbar.wollok-lsp-ide-0.5.3/out/server/src/server.js:2384:42)\n    at /home/codespace/.vscode-remote/extensions/uqbar.wollok-lsp-ide-0.5.3/out/server/src/server.js:2384:2988\n    at /home/codespace/.vscode-remote/extensions/uqbar.wollok-lsp-ide-0.5.3/out/server/src/server.js:2393:8440\n    at /home/codespace/.vscode-remote/extensions/uqbar.wollok-lsp-ide-0.5.3/out/server/src/server.js:37:74872\n    at Ye (/home/codespace/.vscode-remote/extensions/uqbar.wollok-lsp-ide-0.5.3/out/server/src/server.js:7:8527)\n    at qt (/home/codespace/.vscode-remote/extensions/uqbar.wollok-lsp-ide-0.5.3/out/server/src/server.js:7:6189)\n    at ot (/home/codespace/.vscode-remote/extensions/uqbar.wollok-lsp-ide-0.5.3/out/server/src/server.js:7:6378)\n    at Immediate._onImmediate (/home/codespace/.vscode-remote/extensions/uqbar.wollok-lsp-ide-0.5.3/out/server/src/server.js:7:6142)\n    at process.processImmediate (node:internal/timers:485:21)","timestamp":"2025-09-22T15:02:41.810Z"}
{"level":"info","message":"âŒ› Validating tests.wtest","timeElapsed":108,"timestamp":"2025-09-22T15:02:41.965Z"}
{"level":"info","message":"âŒ› Building environment","timeElapsed":163,"timestamp":"2025-09-22T15:02:42.129Z"}
{"level":"info","message":"âŒ› Building environment","timeElapsed":147,"timestamp":"2025-09-22T15:02:42.277Z"}
{"level":"info","message":"âŒ› Validating tests.wtest","timeElapsed":116,"timestamp":"2025-09-22T15:02:42.407Z"}
{"level":"info","message":"âŒ› Validating tests.wtest","timeElapsed":174,"timestamp":"2025-09-22T15:02:42.585Z"}
{"level":"info","message":"âŒ› Building environment","timeElapsed":107,"timestamp":"2025-09-22T15:02:42.792Z"}
{"level":"info","message":"âŒ› Building environment","timeElapsed":113,"timestamp":"2025-09-22T15:02:42.906Z"}
{"level":"info","message":"âŒ› Building environment","timeElapsed":116,"timestamp":"2025-09-22T15:02:43.023Z"}
{"level":"error","message":"âœ˜ Completions for node Send ([42:5, 42:40] - tests.wtest) failed: Error: [Send]{0e5e8a} at tests.wtest:42 exhausted all cases without a match [Send]{0e5e8a} at tests.wtest:42 exhausted all cases without a match","stack":"Error: [Send]{0e5e8a} at tests.wtest:42 exhausted all cases without a match\n    at /home/codespace/.vscode-remote/extensions/uqbar.wollok-lsp-ide-0.5.3/out/server/src/server.js:38:6142\n    at D2 (/home/codespace/.vscode-remote/extensions/uqbar.wollok-lsp-ide-0.5.3/out/server/src/server.js:2384:42)\n    at /home/codespace/.vscode-remote/extensions/uqbar.wollok-lsp-ide-0.5.3/out/server/src/server.js:2384:2988\n    at /home/codespace/.vscode-remote/extensions/uqbar.wollok-lsp-ide-0.5.3/out/server/src/server.js:2393:8440\n    at /home/codespace/.vscode-remote/extensions/uqbar.wollok-lsp-ide-0.5.3/out/server/src/server.js:37:74872\n    at Ye (/home/codespace/.vscode-remote/extensions/uqbar.wollok-lsp-ide-0.5.3/out/server/src/server.js:7:8527)\n    at qt (/home/codespace/.vscode-remote/extensions/uqbar.wollok-lsp-ide-0.5.3/out/server/src/server.js:7:6189)\n    at ot (/home/codespace/.vscode-remote/extensions/uqbar.wollok-lsp-ide-0.5.3/out/server/src/server.js:7:6378)\n    at Immediate._onImmediate (/home/codespace/.vscode-remote/extensions/uqbar.wollok-lsp-ide-0.5.3/out/server/src/server.js:7:6142)\n    at process.processImmediate (node:internal/timers:485:21)","timestamp":"2025-09-22T15:02:43.042Z"}
{"level":"info","message":"âŒ› Validating tests.wtest","timeElapsed":109,"timestamp":"2025-09-22T15:02:43.157Z"}
{"level":"info","message":"âŒ› Building environment","timeElapsed":244,"timestamp":"2025-09-22T15:02:43.401Z"}
{"level":"info","message":"âŒ› Building environment","timeElapsed":135,"timestamp":"2025-09-22T15:02:43.547Z"}
{"level":"info","message":"âŒ› Validating tests.wtest","timeElapsed":106,"timestamp":"2025-09-22T15:02:43.653Z"}
{"level":"info","message":"âŒ› Validating tests.wtest","timeElapsed":117,"timestamp":"2025-09-22T15:02:43.869Z"}
{"level":"info","message":"âŒ› Validating tests.wtest","timeElapsed":103,"timestamp":"2025-09-22T15:02:43.971Z"}
{"level":"info","message":"âŒ› Validating tests.wtest","timeElapsed":101,"timestamp":"2025-09-22T15:02:44.074Z"}
{"level":"info","message":"âŒ› Validating tests.wtest","timeElapsed":123,"timestamp":"2025-09-22T15:02:44.201Z"}
{"level":"info","message":"âŒ› Validating tests.wtest","timeElapsed":105,"timestamp":"2025-09-22T15:02:44.306Z"}
{"level":"info","message":"ðŸ§ª Test runner executed on /workspaces/extDevTestingWollok","result":{"errored":0,"failed":0,"ok":1},"testsFailed":[],"timeElapsed":480,"timestamp":"2025-09-22T15:38:44.486Z"}
{"level":"info","message":"ðŸ§ª Test runner executed on /workspaces/extDevTestingWollok","result":{"errored":0,"failed":4,"ok":30},"testsFailed":[{"error":["wollok.lib.AssertionException: Value was not true","  at tests.\"Una trompeta JÃºpiter a una temperatura ambiente de 19 grados, si la afinamos, pasa a estar afinada\" [tests.wtest:44]"],"test":"tests.\"Una trompeta JÃºpiter a una temperatura ambiente de 19 grados, si la afinamos, pasa a estar afinada\""},{"error":["wollok.lib.AssertionException: Value was not true","  at tests.\"La trompeta no es valiosa\" [tests.wtest:57]"],"test":"tests.\"La trompeta no es valiosa\""},{"error":["wollok.lib.AssertionException: Value was not false","  at tests.\"El piano en una habitaciÃ³n chica (de 20 metros cuadrados) no estÃ¡ afinado\" [tests.wtest:68]"],"test":"tests.\"El piano en una habitaciÃ³n chica (de 20 metros cuadrados) no estÃ¡ afinado\""},{"error":["wollok.lib.AssertionException: Value was not false","  at tests.\"El piano movido a una habitaciÃ³n chica (de 20 metros cuadrados) no es valioso\" [tests.wtest:81]"],"test":"tests.\"El piano movido a una habitaciÃ³n chica (de 20 metros cuadrados) no es valioso\""}],"timeElapsed":576,"timestamp":"2025-09-22T15:38:50.609Z"}
{"level":"info","message":"âŒ› Building environment","timeElapsed":156,"timestamp":"2025-09-22T15:40:02.881Z"}
{"level":"info","message":"âŒ› Validating tests.wtest","timeElapsed":280,"timestamp":"2025-09-22T15:40:03.165Z"}
{"level":"info","message":"âŒ› Validating tests.wtest","timeElapsed":273,"timestamp":"2025-09-22T15:40:03.644Z"}
{"level":"info","message":"âŒ› Building environment","timeElapsed":216,"timestamp":"2025-09-22T15:40:03.861Z"}
{"level":"info","message":"âŒ› Building environment","timeElapsed":124,"timestamp":"2025-09-22T15:40:03.985Z"}
{"level":"info","message":"âŒ› Building environment","timeElapsed":101,"timestamp":"2025-09-22T15:40:04.087Z"}
{"level":"info","message":"âŒ› Building environment","timeElapsed":215,"timestamp":"2025-09-22T15:40:04.316Z"}
{"level":"info","message":"âŒ› Building environment","timeElapsed":105,"timestamp":"2025-09-22T15:40:04.422Z"}
{"level":"info","message":"âŒ› Building environment","timeElapsed":125,"timestamp":"2025-09-22T15:40:04.547Z"}
{"level":"info","message":"âŒ› Validating tests.wtest","timeElapsed":221,"timestamp":"2025-09-22T15:40:04.768Z"}
{"level":"info","message":"âŒ› Building environment","timeElapsed":392,"timestamp":"2025-09-22T15:40:05.163Z"}
{"level":"info","message":"âŒ› Validating tests.wtest","timeElapsed":204,"timestamp":"2025-09-22T15:40:05.370Z"}
{"level":"info","message":"âŒ› Validating tests.wtest","timeElapsed":148,"timestamp":"2025-09-22T15:40:05.535Z"}
{"level":"info","message":"âŒ› Validating tests.wtest","timeElapsed":158,"timestamp":"2025-09-22T15:40:05.694Z"}
{"level":"info","message":"âŒ› Validating tests.wtest","timeElapsed":112,"timestamp":"2025-09-22T15:40:05.807Z"}
{"level":"info","message":"âŒ› Building environment","timeElapsed":104,"timestamp":"2025-09-22T15:40:05.912Z"}
{"level":"info","message":"âŒ› Validating tests.wtest","timeElapsed":135,"timestamp":"2025-09-22T15:40:06.047Z"}
{"level":"info","message":"âŒ› Validating tests.wtest","timeElapsed":126,"timestamp":"2025-09-22T15:40:06.320Z"}
{"level":"info","message":"âŒ› Building environment","timeElapsed":120,"timestamp":"2025-09-22T15:40:06.446Z"}
{"level":"info","message":"âŒ› Building environment","timeElapsed":117,"timestamp":"2025-09-22T15:40:06.564Z"}
{"level":"info","message":"âŒ› Building environment","timeElapsed":163,"timestamp":"2025-09-22T15:40:06.732Z"}
{"level":"info","message":"âŒ› Building environment","timeElapsed":179,"timestamp":"2025-09-22T15:40:06.914Z"}
{"level":"info","message":"âŒ› Validating tests.wtest","timeElapsed":172,"timestamp":"2025-09-22T15:40:07.111Z"}
{"level":"info","message":"âŒ› Validating tests.wtest","timeElapsed":114,"timestamp":"2025-09-22T15:40:07.226Z"}
{"level":"info","message":"âŒ› Building environment","timeElapsed":132,"timestamp":"2025-09-22T15:40:07.359Z"}
{"level":"info","message":"âŒ› Validating tests.wtest","timeElapsed":150,"timestamp":"2025-09-22T15:40:07.511Z"}
{"level":"info","message":"âŒ› Building environment","timeElapsed":101,"timestamp":"2025-09-22T15:40:07.612Z"}
{"level":"info","message":"âŒ› Validating tests.wtest","timeElapsed":119,"timestamp":"2025-09-22T15:40:07.732Z"}
{"level":"info","message":"âŒ› Building environment","timeElapsed":137,"timestamp":"2025-09-22T15:40:07.869Z"}
{"level":"info","message":"âŒ› Validating tests.wtest","timeElapsed":110,"timestamp":"2025-09-22T15:40:07.980Z"}
{"level":"info","message":"âŒ› Building environment","timeElapsed":164,"timestamp":"2025-09-22T15:40:08.144Z"}
{"level":"info","message":"âŒ› Validating tests.wtest","timeElapsed":196,"timestamp":"2025-09-22T15:40:08.344Z"}
{"level":"info","message":"âŒ› Building environment","timeElapsed":124,"timestamp":"2025-09-22T15:40:08.469Z"}
{"level":"info","message":"âŒ› Building environment","timeElapsed":119,"timestamp":"2025-09-22T15:40:08.589Z"}
{"level":"info","message":"âŒ› Building environment","timeElapsed":142,"timestamp":"2025-09-22T15:40:08.732Z"}
{"level":"info","message":"âŒ› Building environment","timeElapsed":166,"timestamp":"2025-09-22T15:40:08.899Z"}
{"level":"info","message":"âŒ› Building environment","timeElapsed":102,"timestamp":"2025-09-22T15:40:09.002Z"}
{"level":"info","message":"âŒ› Building environment","timeElapsed":108,"timestamp":"2025-09-22T15:40:09.111Z"}
{"level":"info","message":"âŒ› Validating tests.wtest","timeElapsed":103,"timestamp":"2025-09-22T15:40:09.222Z"}
{"level":"info","message":"âŒ› Building environment","timeElapsed":119,"timestamp":"2025-09-22T15:40:09.342Z"}
{"level":"info","message":"âŒ› Validating tests.wtest","timeElapsed":108,"timestamp":"2025-09-22T15:40:09.451Z"}
{"level":"info","message":"âŒ› Validating tests.wtest","timeElapsed":103,"timestamp":"2025-09-22T15:40:09.563Z"}
{"level":"info","message":"âŒ› Building environment","timeElapsed":133,"timestamp":"2025-09-22T15:40:09.701Z"}
{"level":"info","message":"âŒ› Building environment","timeElapsed":158,"timestamp":"2025-09-22T15:40:09.867Z"}
{"level":"info","message":"âŒ› Validating tests.wtest","timeElapsed":114,"timestamp":"2025-09-22T15:40:09.984Z"}
{"level":"info","message":"âŒ› Validating tests.wtest","timeElapsed":105,"timestamp":"2025-09-22T15:40:10.103Z"}
{"level":"info","message":"âŒ› Validating tests.wtest","timeElapsed":112,"timestamp":"2025-09-22T15:40:10.311Z"}
{"level":"info","message":"âŒ› Validating tests.wtest","timeElapsed":101,"timestamp":"2025-09-22T15:40:10.516Z"}
{"level":"info","message":"âŒ› Validating tests.wtest","timeElapsed":106,"timestamp":"2025-09-22T15:40:10.623Z"}
{"level":"info","message":"âŒ› Validating tests.wtest","timeElapsed":161,"timestamp":"2025-09-22T15:40:10.787Z"}
{"level":"info","message":"âŒ› Validating tests.wtest","timeElapsed":109,"timestamp":"2025-09-22T15:40:10.996Z"}
{"level":"info","message":"ðŸ§ª Test runner executed on /workspaces/extDevTestingWollok","result":{"errored":0,"failed":0,"ok":1},"testsFailed":[],"timeElapsed":453,"timestamp":"2025-09-22T15:40:17.116Z"}
{"level":"info","message":"ðŸ§ª Test runner executed on /workspaces/extDevTestingWollok","result":{"errored":0,"failed":4,"ok":30},"testsFailed":[{"error":["wollok.lib.AssertionException: Value was not true","  at tests.\"Una trompeta JÃºpiter a una temperatura ambiente de 19 grados, si la afinamos, pasa a estar afinada\" [tests.wtest:45]"],"test":"tests.\"Una trompeta JÃºpiter a una temperatura ambiente de 19 grados, si la afinamos, pasa a estar afinada\""},{"error":["wollok.lib.AssertionException: Value was not true","  at tests.\"La trompeta no es valiosa\" [tests.wtest:58]"],"test":"tests.\"La trompeta no es valiosa\""},{"error":["wollok.lib.AssertionException: Value was not false","  at tests.\"El piano en una habitaciÃ³n chica (de 20 metros cuadrados) no estÃ¡ afinado\" [tests.wtest:69]"],"test":"tests.\"El piano en una habitaciÃ³n chica (de 20 metros cuadrados) no estÃ¡ afinado\""},{"error":["wollok.lib.AssertionException: Value was not false","  at tests.\"El piano movido a una habitaciÃ³n chica (de 20 metros cuadrados) no es valioso\" [tests.wtest:82]"],"test":"tests.\"El piano movido a una habitaciÃ³n chica (de 20 metros cuadrados) no es valioso\""}],"timeElapsed":550,"timestamp":"2025-09-22T15:40:22.547Z"}
{"level":"info","message":"âŒ› Building environment","timeElapsed":135,"timestamp":"2025-09-22T15:41:04.832Z"}
{"level":"info","message":"âŒ› Validating tests.wtest","timeElapsed":232,"timestamp":"2025-09-22T15:41:05.066Z"}
{"level":"info","message":"âŒ› Building environment","timeElapsed":114,"timestamp":"2025-09-22T15:41:05.196Z"}
{"level":"info","message":"âŒ› Validating tests.wtest","timeElapsed":165,"timestamp":"2025-09-22T15:41:05.365Z"}
{"level":"info","message":"âŒ› Building environment","timeElapsed":156,"timestamp":"2025-09-22T15:41:06.847Z"}
{"level":"info","message":"âŒ› Validating tests.wtest","timeElapsed":128,"timestamp":"2025-09-22T15:41:06.985Z"}
{"level":"info","message":"âŒ› Building environment","timeElapsed":139,"timestamp":"2025-09-22T15:41:07.675Z"}
{"level":"info","message":"âŒ› Validating tests.wtest","timeElapsed":165,"timestamp":"2025-09-22T15:41:07.841Z"}
{"level":"info","message":"âŒ› Validating tests.wtest","timeElapsed":193,"timestamp":"2025-09-22T15:41:08.541Z"}
{"level":"info","message":"âŒ› Building environment","timeElapsed":145,"timestamp":"2025-09-22T15:41:09.076Z"}
{"level":"info","message":"âŒ› Validating tests.wtest","timeElapsed":271,"timestamp":"2025-09-22T15:41:09.400Z"}
{"level":"info","message":"ðŸ§ª Test runner executed on /workspaces/extDevTestingWollok","result":{"errored":0,"failed":4,"ok":30},"testsFailed":[{"error":["wollok.lib.AssertionException: Value was not true","  at tests.\"Una trompeta JÃºpiter a una temperatura ambiente de 19 grados, si la afinamos, pasa a estar afinada\" [tests.wtest:45]"],"test":"tests.\"Una trompeta JÃºpiter a una temperatura ambiente de 19 grados, si la afinamos, pasa a estar afinada\""},{"error":["wollok.lib.AssertionException: Value was not true","  at tests.\"La trompeta no es valiosa\" [tests.wtest:58]"],"test":"tests.\"La trompeta no es valiosa\""},{"error":["wollok.lib.AssertionException: Value was not false","  at tests.\"El piano en una habitaciÃ³n chica (de 20 metros cuadrados) no estÃ¡ afinado\" [tests.wtest:69]"],"test":"tests.\"El piano en una habitaciÃ³n chica (de 20 metros cuadrados) no estÃ¡ afinado\""},{"error":["wollok.lib.AssertionException: Value was not false","  at tests.\"El piano movido a una habitaciÃ³n chica (de 20 metros cuadrados) no es valioso\" [tests.wtest:82]"],"test":"tests.\"El piano movido a una habitaciÃ³n chica (de 20 metros cuadrados) no es valioso\""}],"timeElapsed":581,"timestamp":"2025-09-22T15:41:29.501Z"}
{"level":"info","message":"âŒ› Building environment","timeElapsed":501,"timestamp":"2025-09-22T16:03:22.540Z"}
{"level":"error","message":"âœ˜ Failed to rebuild document Missing workspace folder!","stack":"Error: Missing workspace folder!\n    at JF (/home/codespace/.vscode-remote/extensions/uqbar.wollok-lsp-ide-0.5.3/out/server/src/server.js:2393:7332)\n    at F3.invoke (/home/codespace/.vscode-remote/extensions/uqbar.wollok-lsp-ide-0.5.3/out/server/src/server.js:3:157334)\n    at o.fire (/home/codespace/.vscode-remote/extensions/uqbar.wollok-lsp-ide-0.5.3/out/server/src/server.js:3:158104)\n    at /home/codespace/.vscode-remote/extensions/uqbar.wollok-lsp-ide-0.5.3/out/server/src/server.js:37:57488\n    at Zr (/home/codespace/.vscode-remote/extensions/uqbar.wollok-lsp-ide-0.5.3/out/server/src/server.js:8:1561)\n    at qt (/home/codespace/.vscode-remote/extensions/uqbar.wollok-lsp-ide-0.5.3/out/server/src/server.js:7:6224)\n    at ot (/home/codespace/.vscode-remote/extensions/uqbar.wollok-lsp-ide-0.5.3/out/server/src/server.js:7:6378)\n    at Immediate._onImmediate (/home/codespace/.vscode-remote/extensions/uqbar.wollok-lsp-ide-0.5.3/out/server/src/server.js:7:6142)\n    at process.processImmediate (node:internal/timers:485:21)","timestamp":"2025-09-22T16:03:22.564Z"}
{"level":"info","message":"âŒ› Building environment","timeElapsed":273,"timestamp":"2025-09-22T16:03:22.844Z"}
{"level":"info","message":"âŒ› Validating file:workspacesextDevTestingWolloktests.wtest","timeElapsed":276,"timestamp":"2025-09-22T16:03:23.154Z"}
{"level":"info","message":"âŒ› Building environment","timeElapsed":208,"timestamp":"2025-09-22T16:03:23.363Z"}
{"level":"info","message":"âŒ› Building environment","timeElapsed":111,"timestamp":"2025-09-22T16:03:23.475Z"}
{"level":"info","message":"âŒ› Validating file:workspacesextDevTestingWolloktests.wtest","timeElapsed":163,"timestamp":"2025-09-22T16:03:23.638Z"}
{"level":"info","message":"âŒ› Validating file:workspacesextDevTestingWolloktests.wtest","timeElapsed":248,"timestamp":"2025-09-22T16:03:23.889Z"}
{"level":"info","message":"âŒ› Building environment","timeElapsed":232,"timestamp":"2025-09-22T16:03:25.651Z"}
{"level":"info","message":"âŒ› Validating tests.wtest","timeElapsed":172,"timestamp":"2025-09-22T16:03:25.827Z"}
{"level":"info","message":"âŒ› Building environment","timeElapsed":266,"timestamp":"2025-09-22T16:03:28.940Z"}
{"level":"info","message":"âŒ› Validating solucion.wlk","timeElapsed":174,"timestamp":"2025-09-22T16:03:29.115Z"}
{"level":"info","message":"âŒ› Validating solucion.wlk","timeElapsed":143,"timestamp":"2025-09-22T16:03:37.745Z"}
{"level":"info","message":"âŒ› Building environment","timeElapsed":231,"timestamp":"2025-09-22T16:03:39.395Z"}
{"level":"info","message":"âŒ› Validating tests.wtest","timeElapsed":224,"timestamp":"2025-09-22T16:03:39.621Z"}
{"level":"info","message":"âŒ› Validating solucion.wlk","timeElapsed":156,"timestamp":"2025-09-22T16:03:39.777Z"}
{"level":"info","message":"âŒ› Building environment","timeElapsed":104,"timestamp":"2025-09-22T16:03:39.889Z"}
{"level":"info","message":"âŒ› Validating solucion.wlk","timeElapsed":436,"timestamp":"2025-09-22T16:03:40.368Z"}
{"level":"info","message":"âŒ› Building environment","timeElapsed":248,"timestamp":"2025-09-22T16:03:40.738Z"}
{"level":"info","message":"âŒ› Validating solucion.wlk","timeElapsed":268,"timestamp":"2025-09-22T16:03:41.030Z"}
{"level":"info","message":"âŒ› Validating tests.wtest","timeElapsed":168,"timestamp":"2025-09-22T16:03:53.400Z"}
{"level":"info","message":"ðŸ§ª Test runner executed on /workspaces/extDevTestingWollok","result":{"errored":0,"failed":0,"ok":34},"testsFailed":[],"timeElapsed":523,"timestamp":"2025-09-22T16:04:02.306Z"}
